<?xml version="1.0" encoding="UTF-8"?>
<!-- Generated by org.testng.reporters.JUnitReportReporter -->
<testsuite hostname="LAPTOP-D0SM1R44" failures="0" tests="1" name="test.LoginTest" time="4.538" errors="0" timestamp="2023-04-05T00:29:07 IST" skipped="0">
  <testcase classname="test.LoginTest" name="login" time="4.538"/>
  <system-out/>
</testsuite> <!-- test.LoginTest -->
